[debug] [2021-06-03T03:09:23.032Z] ----------------------------------------------------------------------
[debug] [2021-06-03T03:09:23.035Z] Command:       C:\Program Files\nodejs\node.exe C:\Users\vasan\AppData\Roaming\npm\node_modules\firebase-tools\lib\bin\firebase.js deploy
[debug] [2021-06-03T03:09:23.036Z] CLI Version:   9.6.1
[debug] [2021-06-03T03:09:23.036Z] Platform:      win32
[debug] [2021-06-03T03:09:23.036Z] Node Version:  v14.15.4
[debug] [2021-06-03T03:09:23.038Z] Time:          Thu Jun 03 2021 08:39:23 GMT+0530 (India Standard Time)
[debug] [2021-06-03T03:09:23.038Z] ----------------------------------------------------------------------
[debug] [2021-06-03T03:09:23.038Z] 
[debug] [2021-06-03T03:09:23.052Z] > command requires scopes: ["email","openid","https://www.googleapis.com/auth/cloudplatformprojects.readonly","https://www.googleapis.com/auth/firebase","https://www.googleapis.com/auth/cloud-platform"]
[debug] [2021-06-03T03:09:23.054Z] > authorizing via signed-in user
[debug] [2021-06-03T03:09:23.055Z] [iam] checking project trusty-website-ff0bc for permissions ["firebase.projects.get","firebasehosting.sites.update"]
[debug] [2021-06-03T03:09:23.062Z] >>> HTTP REQUEST POST https://cloudresourcemanager.googleapis.com/v1/projects/trusty-website-ff0bc:testIamPermissions  
 {"permissions":["firebase.projects.get","firebasehosting.sites.update"]}
[debug] [2021-06-03T03:09:44.152Z] [iam] error while checking permissions, command may fail: FirebaseError: Server Error. connect ETIMEDOUT 216.58.200.138:443
[debug] [2021-06-03T03:09:44.154Z] > refreshing access token with scopes: []
[debug] [2021-06-03T03:09:44.154Z] >>> HTTP REQUEST POST https://www.googleapis.com/oauth2/v3/token  
 <request body omitted>
[debug] [2021-06-03T03:10:05.163Z] Authentication Error: Your credentials are no longer valid. Please run firebase login --reauth

For CI servers and headless environments, generate a new token with firebase login:ci
[debug] [2021-06-03T03:10:05.258Z] FirebaseError: Authentication Error: Your credentials are no longer valid. Please run firebase login --reauth

For CI servers and headless environments, generate a new token with firebase login:ci
    at invalidCredentialError (C:\Users\vasan\AppData\Roaming\npm\node_modules\firebase-tools\lib\auth.js:26:12)
    at refreshTokens (C:\Users\vasan\AppData\Roaming\npm\node_modules\firebase-tools\lib\auth.js:297:15)
    at processTicksAndRejections (internal/process/task_queues.js:93:5)
    at async Client.getAccessToken (C:\Users\vasan\AppData\Roaming\npm\node_modules\firebase-tools\lib\apiv2.js:144:23)
    at async Client.addAuthHeader (C:\Users\vasan\AppData\Roaming\npm\node_modules\firebase-tools\lib\apiv2.js:135:21)
    at async Client.request (C:\Users\vasan\AppData\Roaming\npm\node_modules\firebase-tools\lib\apiv2.js:93:34)
    at async Object.getFirebaseProject (C:\Users\vasan\AppData\Roaming\npm\node_modules\firebase-tools\lib\management\projects.js:289:21)
    at async Object.getDefaultHostingSite (C:\Users\vasan\AppData\Roaming\npm\node_modules\firebase-tools\lib\getDefaultHostingSite.js:8:21)
    at async requireHostingSite (C:\Users\vasan\AppData\Roaming\npm\node_modules\firebase-tools\lib\requireHostingSite.js:9:18)
    at async Object.fn (C:\Users\vasan\AppData\Roaming\npm\node_modules\firebase-tools\lib\commands\deploy.js:66:9)
    at async C:\Users\vasan\AppData\Roaming\npm\node_modules\firebase-tools\lib\command.js:161:17
[error] 
[error] Error: Failed to get Firebase project trusty-website-ff0bc. Please make sure the project exists and your account has permission to access it.
[debug] [2021-06-03T03:10:53.184Z] ----------------------------------------------------------------------
[debug] [2021-06-03T03:10:53.187Z] Command:       C:\Program Files\nodejs\node.exe C:\Users\vasan\AppData\Roaming\npm\node_modules\firebase-tools\lib\bin\firebase.js deploy
[debug] [2021-06-03T03:10:53.187Z] CLI Version:   9.6.1
[debug] [2021-06-03T03:10:53.187Z] Platform:      win32
[debug] [2021-06-03T03:10:53.188Z] Node Version:  v14.15.4
[debug] [2021-06-03T03:10:53.189Z] Time:          Thu Jun 03 2021 08:40:53 GMT+0530 (India Standard Time)
[debug] [2021-06-03T03:10:53.189Z] ----------------------------------------------------------------------
[debug] [2021-06-03T03:10:53.189Z] 
[debug] [2021-06-03T03:10:53.199Z] > command requires scopes: ["email","openid","https://www.googleapis.com/auth/cloudplatformprojects.readonly","https://www.googleapis.com/auth/firebase","https://www.googleapis.com/auth/cloud-platform"]
[debug] [2021-06-03T03:10:53.199Z] > authorizing via signed-in user
[debug] [2021-06-03T03:10:53.200Z] [iam] checking project trusty-website-ff0bc for permissions ["firebase.projects.get","firebasehosting.sites.update"]
[debug] [2021-06-03T03:10:53.203Z] >>> HTTP REQUEST POST https://cloudresourcemanager.googleapis.com/v1/projects/trusty-website-ff0bc:testIamPermissions  
 {"permissions":["firebase.projects.get","firebasehosting.sites.update"]}
[debug] [2021-06-03T03:11:14.250Z] [iam] error while checking permissions, command may fail: FirebaseError: Server Error. connect ETIMEDOUT 216.58.200.138:443
[debug] [2021-06-03T03:11:14.252Z] > refreshing access token with scopes: []
[debug] [2021-06-03T03:11:14.252Z] >>> HTTP REQUEST POST https://www.googleapis.com/oauth2/v3/token  
 <request body omitted>
[debug] [2021-06-03T03:11:35.260Z] Authentication Error: Your credentials are no longer valid. Please run firebase login --reauth

For CI servers and headless environments, generate a new token with firebase login:ci
[debug] [2021-06-03T03:11:35.351Z] FirebaseError: Authentication Error: Your credentials are no longer valid. Please run firebase login --reauth

For CI servers and headless environments, generate a new token with firebase login:ci
    at invalidCredentialError (C:\Users\vasan\AppData\Roaming\npm\node_modules\firebase-tools\lib\auth.js:26:12)
    at refreshTokens (C:\Users\vasan\AppData\Roaming\npm\node_modules\firebase-tools\lib\auth.js:297:15)
    at processTicksAndRejections (internal/process/task_queues.js:93:5)
    at async Client.getAccessToken (C:\Users\vasan\AppData\Roaming\npm\node_modules\firebase-tools\lib\apiv2.js:144:23)
    at async Client.addAuthHeader (C:\Users\vasan\AppData\Roaming\npm\node_modules\firebase-tools\lib\apiv2.js:135:21)
    at async Client.request (C:\Users\vasan\AppData\Roaming\npm\node_modules\firebase-tools\lib\apiv2.js:93:34)
    at async Object.getFirebaseProject (C:\Users\vasan\AppData\Roaming\npm\node_modules\firebase-tools\lib\management\projects.js:289:21)
    at async Object.getDefaultHostingSite (C:\Users\vasan\AppData\Roaming\npm\node_modules\firebase-tools\lib\getDefaultHostingSite.js:8:21)
    at async requireHostingSite (C:\Users\vasan\AppData\Roaming\npm\node_modules\firebase-tools\lib\requireHostingSite.js:9:18)
    at async Object.fn (C:\Users\vasan\AppData\Roaming\npm\node_modules\firebase-tools\lib\commands\deploy.js:66:9)
    at async C:\Users\vasan\AppData\Roaming\npm\node_modules\firebase-tools\lib\command.js:161:17
[error] 
[error] Error: Failed to get Firebase project trusty-website-ff0bc. Please make sure the project exists and your account has permission to access it.
[debug] [2021-06-03T03:12:17.529Z] ----------------------------------------------------------------------
[debug] [2021-06-03T03:12:17.532Z] Command:       C:\Program Files\nodejs\node.exe C:\Users\vasan\AppData\Roaming\npm\node_modules\firebase-tools\lib\bin\firebase.js deploy
[debug] [2021-06-03T03:12:17.532Z] CLI Version:   9.6.1
[debug] [2021-06-03T03:12:17.533Z] Platform:      win32
[debug] [2021-06-03T03:12:17.533Z] Node Version:  v14.15.4
[debug] [2021-06-03T03:12:17.534Z] Time:          Thu Jun 03 2021 08:42:17 GMT+0530 (India Standard Time)
[debug] [2021-06-03T03:12:17.534Z] ----------------------------------------------------------------------
[debug] [2021-06-03T03:12:17.534Z] 
[debug] [2021-06-03T03:12:17.544Z] > command requires scopes: ["email","openid","https://www.googleapis.com/auth/cloudplatformprojects.readonly","https://www.googleapis.com/auth/firebase","https://www.googleapis.com/auth/cloud-platform"]
[debug] [2021-06-03T03:12:17.545Z] > authorizing via signed-in user
[debug] [2021-06-03T03:12:17.545Z] [iam] checking project trusty-website-ff0bc for permissions ["firebase.projects.get","firebasehosting.sites.update"]
[debug] [2021-06-03T03:12:17.548Z] >>> HTTP REQUEST POST https://cloudresourcemanager.googleapis.com/v1/projects/trusty-website-ff0bc:testIamPermissions  
 {"permissions":["firebase.projects.get","firebasehosting.sites.update"]}
[debug] [2021-06-03T03:12:38.602Z] [iam] error while checking permissions, command may fail: FirebaseError: Server Error. connect ETIMEDOUT 216.58.200.138:443
[debug] [2021-06-03T03:12:38.609Z] > refreshing access token with scopes: []
[debug] [2021-06-03T03:12:38.611Z] >>> HTTP REQUEST POST https://www.googleapis.com/oauth2/v3/token  
 <request body omitted>
[debug] [2021-06-03T03:12:59.629Z] Authentication Error: Your credentials are no longer valid. Please run firebase login --reauth

For CI servers and headless environments, generate a new token with firebase login:ci
[debug] [2021-06-03T03:12:59.723Z] FirebaseError: Authentication Error: Your credentials are no longer valid. Please run firebase login --reauth

For CI servers and headless environments, generate a new token with firebase login:ci
    at invalidCredentialError (C:\Users\vasan\AppData\Roaming\npm\node_modules\firebase-tools\lib\auth.js:26:12)
    at refreshTokens (C:\Users\vasan\AppData\Roaming\npm\node_modules\firebase-tools\lib\auth.js:297:15)
    at processTicksAndRejections (internal/process/task_queues.js:93:5)
    at async Client.getAccessToken (C:\Users\vasan\AppData\Roaming\npm\node_modules\firebase-tools\lib\apiv2.js:144:23)
    at async Client.addAuthHeader (C:\Users\vasan\AppData\Roaming\npm\node_modules\firebase-tools\lib\apiv2.js:135:21)
    at async Client.request (C:\Users\vasan\AppData\Roaming\npm\node_modules\firebase-tools\lib\apiv2.js:93:34)
    at async Object.getFirebaseProject (C:\Users\vasan\AppData\Roaming\npm\node_modules\firebase-tools\lib\management\projects.js:289:21)
    at async Object.getDefaultHostingSite (C:\Users\vasan\AppData\Roaming\npm\node_modules\firebase-tools\lib\getDefaultHostingSite.js:8:21)
    at async requireHostingSite (C:\Users\vasan\AppData\Roaming\npm\node_modules\firebase-tools\lib\requireHostingSite.js:9:18)
    at async Object.fn (C:\Users\vasan\AppData\Roaming\npm\node_modules\firebase-tools\lib\commands\deploy.js:66:9)
    at async C:\Users\vasan\AppData\Roaming\npm\node_modules\firebase-tools\lib\command.js:161:17
[error] 
[error] Error: Failed to get Firebase project trusty-website-ff0bc. Please make sure the project exists and your account has permission to access it.
